
                          Input orientation:                          
 ---------------------------------------------------------------------
 Center     Atomic      Atomic             Coordinates (Angstroms)
 Number     Number       Type             X           Y           Z
 ---------------------------------------------------------------------
      1          7           0        5.120000    2.090000    0.720000
      2          1           0       -0.720000    1.130000    0.510000
      3          1           0       -1.200000    0.330000   -0.830000
      4          1           0       -0.840000   -0.490000    0.540000
      5          6           0        0.830000    0.180000   -0.470000
      6          8           0        1.220000   -0.760000   -1.150000
      7          7           0        1.630000    1.210000   -0.060000
      8          1           0        1.230000    1.960000    0.460000
      9          6           0        3.060000    1.230000   -0.340000
     10          1           0        3.390000    0.290000   -0.280000
     11          6           0        3.340000    1.740000   -1.750000
     12          1           0        4.320000    1.740000   -1.920000
     13          1           0        2.890000    1.130000   -2.410000
     14          1           0        2.980000    2.660000   -1.850000
     15          6           0        3.740000    2.140000    0.710000
     16          8           0        3.080000    2.860000    1.470000
     1           6           0       -0.610000    0.300000   -0.020000
     18          1           0        5.590000    1.450000    0.110000
     19          6           0        5.890000    2.940000    1.590000
     20          1           0        6.860000    2.750000    1.460000
     21          1           0        5.700000    3.890000    1.380000
     22          1           0        5.640000    2.750000    2.550000
 ---------------------------------------------------------------------
